<?xml version="1.0" encoding="UTF-8"?>
<testsuite name="ghost.AmbusherTest" tests="4" skipped="0" failures="0" errors="0" timestamp="2021-07-20T01:38:10" hostname="Phoebes-MacBook-Air.local" time="0.02">
  <properties/>
  <testcase name="AmbusherConstructor()" classname="ghost.AmbusherTest" time="0.007"/>
  <testcase name="itemStatesTest()" classname="ghost.AmbusherTest" time="0.005"/>
  <testcase name="movementTest()" classname="ghost.AmbusherTest" time="0.002"/>
  <testcase name="targetTest()" classname="ghost.AmbusherTest" time="0.001"/>
  <system-out><![CDATA[]]></system-out>
  <system-err><![CDATA[]]></system-err>
</testsuite>
