<?xml version="1.0" encoding="UTF-8"?>
<testsuite name="ghost.MapTest" tests="4" skipped="0" failures="0" errors="0" timestamp="2021-07-20T01:38:09" hostname="Phoebes-MacBook-Air.local" time="0.156">
  <properties/>
  <testcase name="getterTest()" classname="ghost.MapTest" time="0.11"/>
  <testcase name="wakaStartTest()" classname="ghost.MapTest" time="0.026"/>
  <testcase name="MapConstructor()" classname="ghost.MapTest" time="0.006"/>
  <testcase name="fruitCount()" classname="ghost.MapTest" time="0.007"/>
  <system-out><![CDATA[]]></system-out>
  <system-err><![CDATA[]]></system-err>
</testsuite>
