<?xml version="1.0" encoding="UTF-8"?>
<testsuite name="ghost.ReadFileTest" tests="4" skipped="0" failures="0" errors="0" timestamp="2021-07-20T01:38:09" hostname="Phoebes-MacBook-Air.local" time="0.813">
  <properties/>
  <testcase name="JsonTest()" classname="ghost.ReadFileTest" time="0.003"/>
  <testcase name="strMapTest()" classname="ghost.ReadFileTest" time="0.002"/>
  <testcase name="cellMapTest()" classname="ghost.ReadFileTest" time="0.004"/>
  <testcase name="spriteFileTest()" classname="ghost.ReadFileTest" time="0.801"/>
  <system-out><![CDATA[]]></system-out>
  <system-err><![CDATA[]]></system-err>
</testsuite>
