<?xml version="1.0" encoding="UTF-8"?>
<testsuite name="ghost.ChaserTest" tests="6" skipped="0" failures="0" errors="0" timestamp="2021-07-20T01:38:09" hostname="Phoebes-MacBook-Air.local" time="0.04">
  <properties/>
  <testcase name="nextMoveTest()" classname="ghost.ChaserTest" time="0.022"/>
  <testcase name="turnAroundTest()" classname="ghost.ChaserTest" time="0.001"/>
  <testcase name="ChaserConstructor()" classname="ghost.ChaserTest" time="0.005"/>
  <testcase name="statesTest()" classname="ghost.ChaserTest" time="0.004"/>
  <testcase name="targetTest()" classname="ghost.ChaserTest" time="0.001"/>
  <testcase name="scatterTest()" classname="ghost.ChaserTest" time="0.002"/>
  <system-out><![CDATA[]]></system-out>
  <system-err><![CDATA[]]></system-err>
</testsuite>
