<?xml version="1.0" encoding="UTF-8"?>
<testsuite name="ghost.AppTest" tests="1" skipped="0" failures="0" errors="0" timestamp="2021-07-20T01:38:09" hostname="Phoebes-MacBook-Air.local" time="0.018">
  <properties/>
  <testcase name="AppConstructorTest()" classname="ghost.AppTest" time="0.018"/>
  <system-out><![CDATA[]]></system-out>
  <system-err><![CDATA[]]></system-err>
</testsuite>
